<?xml version="1.0" encoding="UTF-8"?>
<!-- Generated by org.testng.reporters.JUnitReportReporter -->
<testsuite skipped="0" hostname="rahul-PC" name="com.rahul.Sikuli" tests="3" failures="0" timestamp="27 Sep 2019 07:05:16 GMT" time="30.279" errors="0">
  <testcase name="cart" time="16.841" classname="com.rahul.Sikuli"/>
  <testcase name="sikuliMethod" time="8.006" classname="com.rahul.Sikuli"/>
  <testcase name="browser" time="5.432" classname="com.rahul.Sikuli"/>
</testsuite> <!-- com.rahul.Sikuli -->
