<?xml version="1.0" encoding="UTF-8"?>
<!-- Generated by org.testng.reporters.JUnitReportReporter -->
<testsuite skipped="0" hostname="rahul-PC" name="com.rahul.TestNGDemo" tests="1" failures="0" timestamp="27 Sep 2019 22:16:42 GMT" time="0.007" errors="0">
  <testcase name="testMethod" time="0.007" classname="com.rahul.TestNGDemo"/>
</testsuite> <!-- com.rahul.TestNGDemo -->
