<?xml version="1.0" encoding="UTF-8"?>
<!-- Generated by org.testng.reporters.JUnitReportReporter -->
<testsuite skipped="0" hostname="rahul-PC" name="com.rahul.ReadExcelData" tests="1" failures="0" timestamp="28 Sep 2019 08:31:01 GMT" time="0.700" errors="0">
  <testcase name="readCredentials" time="0.700" classname="com.rahul.ReadExcelData"/>
</testsuite> <!-- com.rahul.ReadExcelData -->
